TN:
SF:script/DeployBasicNFT.s.sol
FN:9,DeployBasicNFT.run
FNDA:6,DeployBasicNFT.run
DA:10,6
DA:10,6
DA:11,6
DA:11,6
DA:12,6
DA:12,6
DA:13,6
DA:13,6
FNF:1
FNH:1
LF:4
LH:4
BRF:0
BRH:0
end_of_record
TN:
SF:script/DeployMoodNft.s.sol
FN:9,DeployMoodNft.run
FNDA:5,DeployMoodNft.run
DA:10,5
DA:10,5
DA:10,5
DA:13,5
DA:13,5
DA:13,5
DA:16,5
DA:16,5
DA:17,5
DA:17,5
DA:17,5
DA:18,5
DA:18,5
DA:19,5
DA:19,5
FN:22,DeployMoodNft.svgToImageUri
FNDA:1,DeployMoodNft.svgToImageUri
DA:25,11
DA:25,11
DA:26,11
DA:26,11
DA:26,11
DA:29,11
DA:29,11
DA:29,11
FNF:2
FNH:2
LF:9
LH:9
BRF:0
BRH:0
end_of_record
TN:
SF:script/Interactions.s.sol
FN:12,MintBasicNft.run
FNDA:0,MintBasicNft.run
DA:13,0
DA:13,0
DA:13,0
DA:15,0
DA:15,0
DA:15,0
DA:16,0
DA:16,0
FN:19,MintBasicNft.mint
FNDA:1,MintBasicNft.mint
DA:20,1
DA:20,1
DA:21,1
DA:21,1
DA:22,1
DA:22,1
DA:23,1
DA:23,1
FNF:2
FNH:1
LF:7
LH:4
BRF:0
BRH:0
end_of_record
TN:
SF:src/BasicNFT.sol
FN:9,BasicNFT.
FNDA:2,BasicNFT.
DA:10,1
DA:10,1
FN:13,BasicNFT.mintNft
FNDA:3,BasicNFT.mintNft
DA:14,3
DA:14,3
DA:15,3
DA:15,3
DA:16,3
DA:16,3
DA:17,3
DA:17,3
FN:20,BasicNFT.tokenURI
FNDA:2,BasicNFT.tokenURI
DA:23,2
DA:23,2
FN:27,BasicNFT.getCounter
FNDA:4,BasicNFT.getCounter
DA:28,4
DA:28,4
FNF:4
FNH:4
LF:7
LH:7
BRF:0
BRH:0
end_of_record
TN:
SF:src/MoodNft.sol
FN:22,MoodNft._tokenMustExist
FNDA:16,MoodNft._tokenMustExist
DA:23,16
DA:23,16
DA:23,16
BRDA:23,0,0,-
BRDA:23,0,1,2
DA:24,2
DA:24,2
FN:30,MoodNft.
FNDA:0,MoodNft.
DA:34,0
DA:34,0
DA:35,0
DA:35,0
DA:36,0
DA:36,0
FN:39,MoodNft.mintNft
FNDA:10,MoodNft.mintNft
DA:40,10
DA:40,10
DA:41,10
DA:41,10
DA:42,10
DA:42,10
DA:43,10
DA:43,10
DA:44,10
DA:44,10
DA:45,10
DA:45,10
FN:48,MoodNft.flipMood
FNDA:6,MoodNft.flipMood
DA:50,6
DA:50,6
DA:50,6
DA:50,6
DA:50,0
DA:50,0
BRDA:49,1,0,-
BRDA:49,1,1,6
DA:52,0
DA:52,0
DA:55,6
DA:55,6
BRDA:55,2,0,-
BRDA:55,2,1,4
DA:56,4
DA:56,4
DA:58,2
DA:58,2
FN:62,MoodNft.checkMoodIsHappy
FNDA:10,MoodNft.checkMoodIsHappy
DA:65,14
DA:65,14
DA:65,14
FN:68,MoodNft._baseURI
FNDA:2,MoodNft._baseURI
DA:69,2
DA:69,2
FN:72,MoodNft.tokenURI
FNDA:2,MoodNft.tokenURI
DA:75,2
DA:75,2
DA:76,2
DA:76,2
BRDA:76,3,0,2
BRDA:76,3,1,34
DA:77,2
DA:77,2
DA:79,0
DA:79,0
DA:82,2
DA:82,2
DA:83,2
DA:83,2
FN:103,MoodNft.getCounter
FNDA:2,MoodNft.getCounter
DA:104,2
DA:104,2
FNF:8
FNH:7
LF:25
LH:20
BRF:8
BRH:5
end_of_record
